2003.08.21 13:54 B C:\Putnam\LHS-CHEM\WebPages\home\chem_notes\UnitIIatoms\atom-quantum.jpg --> lhs.lps.org /chem_notes/UnitIIatoms atom-quantum.jpg
2003.08.21 13:54 B C:\Putnam\LHS-CHEM\WebPages\home\chem_notes\UnitIIatoms\d.gif --> lhs.lps.org /chem_notes/UnitIIatoms d.gif
2003.08.21 13:54 B C:\Putnam\LHS-CHEM\WebPages\home\chem_notes\UnitIIatoms\dx2-y2.gif --> lhs.lps.org /chem_notes/UnitIIatoms dx2-y2.gif
2003.08.21 13:54 B C:\Putnam\LHS-CHEM\WebPages\home\chem_notes\UnitIIatoms\dxy.gif --> lhs.lps.org /chem_notes/UnitIIatoms dxy.gif
2003.08.21 13:54 B C:\Putnam\LHS-CHEM\WebPages\home\chem_notes\UnitIIatoms\dxz.gif --> lhs.lps.org /chem_notes/UnitIIatoms dxz.gif
2003.08.21 13:54 B C:\Putnam\LHS-CHEM\WebPages\home\chem_notes\UnitIIatoms\dyz.gif --> lhs.lps.org /chem_notes/UnitIIatoms dyz.gif
2003.08.21 13:54 B C:\Putnam\LHS-CHEM\WebPages\home\chem_notes\UnitIIatoms\dz2.gif --> lhs.lps.org /chem_notes/UnitIIatoms dz2.gif
2003.08.21 13:54 B C:\Putnam\LHS-CHEM\WebPages\home\chem_notes\UnitIIatoms\elem_particles.gif --> lhs.lps.org /chem_notes/UnitIIatoms elem_particles.gif
2003.08.21 13:54 B C:\Putnam\LHS-CHEM\WebPages\home\chem_notes\UnitIIatoms\f0714b.gif --> lhs.lps.org /chem_notes/UnitIIatoms f0714b.gif
2003.08.21 13:54 B C:\Putnam\LHS-CHEM\WebPages\home\chem_notes\UnitIIatoms\f0716b.gif --> lhs.lps.org /chem_notes/UnitIIatoms f0716b.gif
2003.08.21 13:54 B C:\Putnam\LHS-CHEM\WebPages\home\chem_notes\UnitIIatoms\f0717.gif --> lhs.lps.org /chem_notes/UnitIIatoms f0717.gif
2003.08.21 13:54 B C:\Putnam\LHS-CHEM\WebPages\home\chem_notes\UnitIIatoms\greekatoms.jpg --> lhs.lps.org /chem_notes/UnitIIatoms greekatoms.jpg
2003.08.21 13:54 B C:\Putnam\LHS-CHEM\WebPages\home\chem_notes\UnitIIatoms\p.gif --> lhs.lps.org /chem_notes/UnitIIatoms p.gif
2003.08.21 13:54 B C:\Putnam\LHS-CHEM\WebPages\home\chem_notes\UnitIIatoms\px.gif --> lhs.lps.org /chem_notes/UnitIIatoms px.gif
2003.08.21 13:54 B C:\Putnam\LHS-CHEM\WebPages\home\chem_notes\UnitIIatoms\py.gif --> lhs.lps.org /chem_notes/UnitIIatoms py.gif
2003.08.21 13:54 B C:\Putnam\LHS-CHEM\WebPages\home\chem_notes\UnitIIatoms\pz.gif --> lhs.lps.org /chem_notes/UnitIIatoms pz.gif
2003.08.21 13:54 B C:\Putnam\LHS-CHEM\WebPages\home\chem_notes\UnitIIatoms\s.gif --> lhs.lps.org /chem_notes/UnitIIatoms s.gif
2003.08.21 13:54 B C:\Putnam\LHS-CHEM\WebPages\home\chem_notes\UnitIIatoms\scale.gif --> lhs.lps.org /chem_notes/UnitIIatoms scale.gif
2003.08.21 13:54 B C:\Putnam\LHS-CHEM\WebPages\home\chem_notes\UnitIIatoms\series.jpg --> lhs.lps.org /chem_notes/UnitIIatoms series.jpg
2003.08.21 13:54 B C:\Putnam\LHS-CHEM\WebPages\home\chem_notes\UnitIIatoms\series2.gif --> lhs.lps.org /chem_notes/UnitIIatoms series2.gif
2003.08.21 13:54 B C:\Putnam\LHS-CHEM\WebPages\home\chem_notes\UnitIIatoms\spectrum.gif --> lhs.lps.org /chem_notes/UnitIIatoms spectrum.gif
2003.08.21 13:54 B C:\Putnam\LHS-CHEM\WebPages\home\chem_notes\UnitIIatoms\Thumbs.db --> lhs.lps.org /chem_notes/UnitIIatoms Thumbs.db
2003.08.21 13:54 B C:\Putnam\LHS-CHEM\WebPages\home\chem_notes\UnitIIatoms\U2notes.htm --> lhs.lps.org /chem_notes/UnitIIatoms U2notes.htm
2003.08.21 13:54 B C:\Putnam\LHS-CHEM\WebPages\home\chem_notes\UnitIIatoms\U2notes.pdf --> lhs.lps.org /chem_notes/UnitIIatoms U2notes.pdf
2003.08.21 13:54 B C:\Putnam\LHS-CHEM\WebPages\home\chem_notes\UnitIIatoms\UIIElectrons.htm --> lhs.lps.org /chem_notes/UnitIIatoms UIIElectrons.htm
2003.08.21 13:54 B C:\Putnam\LHS-CHEM\WebPages\home\chem_notes\UnitIIatoms\UnitII_Electronsbkg.htm --> lhs.lps.org /chem_notes/UnitIIatoms UnitII_Electronsbkg.htm
2003.08.21 13:54 B C:\Putnam\LHS-CHEM\WebPages\home\chem_notes\UnitIIatoms\UnitIIbkg.htm --> lhs.lps.org /chem_notes/UnitIIatoms UnitIIbkg.htm
2003.08.21 13:54 B C:\Putnam\LHS-CHEM\WebPages\home\chem_notes\UnitIIatoms\vortex.jpg --> lhs.lps.org /chem_notes/UnitIIatoms vortex.jpg
2003.10.05 20:33 B C:\PUTNAM\LHS-CHEM\WebPages\home\chem_notes\UnitIIatoms\UnitII_electrons.pdf --> lhs.lps.org /chem_notes/UnitIIatoms UnitII_electrons.pdf
2003.10.05 20:33 B C:\PUTNAM\LHS-CHEM\WebPages\home\chem_notes\UnitIIatoms\UIIElectrons.htm --> lhs.lps.org /chem_notes/UnitIIatoms UIIElectrons.htm
2003.10.05 20:56 B C:\PUTNAM\LHS-CHEM\WebPages\home\chem_notes\UnitIIatoms\em_radiation.htm --> lhs.lps.org /chem_notes/UnitIIatoms em_radiation.htm
2003.10.05 20:56 B C:\PUTNAM\LHS-CHEM\WebPages\home\chem_notes\UnitIIatoms\emanim.gif --> lhs.lps.org /chem_notes/UnitIIatoms emanim.gif
2003.10.05 20:56 B C:\PUTNAM\LHS-CHEM\WebPages\home\chem_notes\UnitIIatoms\UIIElectrons.htm --> lhs.lps.org /chem_notes/UnitIIatoms UIIElectrons.htm
2003.10.05 21:40 B C:\PUTNAM\LHS-CHEM\WebPages\home\chem_notes\UnitIIatoms\UIIElectrons.htm --> lhs.lps.org /chem_notes/UnitIIatoms UIIElectrons.htm
2003.10.16 07:01 B C:\PUTNAM\LHS-CHEM\WebPages\home\chem_notes\UnitIIatoms\about_the_eye_anatomy_ret.jpg --> lhs.lps.org /chem_notes/UnitIIatoms about_the_eye_anatomy_ret.jpg
2003.10.16 07:01 B C:\PUTNAM\LHS-CHEM\WebPages\home\chem_notes\UnitIIatoms\em radiation.htm --> lhs.lps.org /chem_notes/UnitIIatoms em radiation.htm
2003.10.16 07:01 B C:\PUTNAM\LHS-CHEM\WebPages\home\chem_notes\UnitIIatoms\eye_emmetrop.jpg --> lhs.lps.org /chem_notes/UnitIIatoms eye_emmetrop.jpg
2003.10.16 07:01 B C:\PUTNAM\LHS-CHEM\WebPages\home\chem_notes\UnitIIatoms\vision.htm --> lhs.lps.org /chem_notes/UnitIIatoms vision.htm
2003.10.16 07:01 B C:\PUTNAM\LHS-CHEM\WebPages\home\chem_notes\UnitIIatoms\WS_FTP.LOG --> lhs.lps.org /chem_notes/UnitIIatoms WS_FTP.LOG
2003.10.23 12:46 B C:\PUTNAM\LHS-CHEM\WebPages\home\chem_notes\UnitIIatoms\energies.htm --> lhs.lps.org /chem_notes/UnitIIatoms energies.htm
2003.10.23 12:46 B C:\PUTNAM\LHS-CHEM\WebPages\home\chem_notes\UnitIIatoms\s_orbital.png --> lhs.lps.org /chem_notes/UnitIIatoms s_orbital.png
2003.10.23 12:46 B C:\PUTNAM\LHS-CHEM\WebPages\home\chem_notes\UnitIIatoms\Thumbs.db --> lhs.lps.org /chem_notes/UnitIIatoms Thumbs.db
2004.09.26 20:08 B C:\PUTNAM\LHS-CHEM\WebPages\home\chem_notes\UnitIIatoms\about_the_eye_anatomy_ret.jpg --> lhs.lps.org /chem_notes/UnitIIatoms about_the_eye_anatomy_ret.jpg
2004.09.26 20:08 B C:\PUTNAM\LHS-CHEM\WebPages\home\chem_notes\UnitIIatoms\cathode.jpg --> lhs.lps.org /chem_notes/UnitIIatoms cathode.jpg
2004.09.26 20:08 B C:\PUTNAM\LHS-CHEM\WebPages\home\chem_notes\UnitIIatoms\em_radiation.htm --> lhs.lps.org /chem_notes/UnitIIatoms em_radiation.htm
2004.09.26 20:08 B C:\PUTNAM\LHS-CHEM\WebPages\home\chem_notes\UnitIIatoms\emanim.gif --> lhs.lps.org /chem_notes/UnitIIatoms emanim.gif
2004.09.26 20:08 B C:\PUTNAM\LHS-CHEM\WebPages\home\chem_notes\UnitIIatoms\energies.htm --> lhs.lps.org /chem_notes/UnitIIatoms energies.htm
2004.09.26 20:08 B C:\PUTNAM\LHS-CHEM\WebPages\home\chem_notes\UnitIIatoms\exp2.jpg.jpe --> lhs.lps.org /chem_notes/UnitIIatoms exp2.jpg.jpe
2004.09.26 20:08 B C:\PUTNAM\LHS-CHEM\WebPages\home\chem_notes\UnitIIatoms\eye_emmetrop.jpg --> lhs.lps.org /chem_notes/UnitIIatoms eye_emmetrop.jpg
2004.09.26 20:08 B C:\PUTNAM\LHS-CHEM\WebPages\home\chem_notes\UnitIIatoms\Thumbs.db --> lhs.lps.org /chem_notes/UnitIIatoms Thumbs.db
2004.09.26 20:08 B C:\PUTNAM\LHS-CHEM\WebPages\home\chem_notes\UnitIIatoms\UIIElectrons.htm --> lhs.lps.org /chem_notes/UnitIIatoms UIIElectrons.htm
2004.09.26 20:08 B C:\PUTNAM\LHS-CHEM\WebPages\home\chem_notes\UnitIIatoms\UnitII_electrons.pdf --> lhs.lps.org /chem_notes/UnitIIatoms UnitII_electrons.pdf
2004.09.26 20:08 B C:\PUTNAM\LHS-CHEM\WebPages\home\chem_notes\UnitIIatoms\vision.htm --> lhs.lps.org /chem_notes/UnitIIatoms vision.htm
2004.09.26 20:08 B C:\PUTNAM\LHS-CHEM\WebPages\home\chem_notes\UnitIIatoms\WS_FTP.LOG --> lhs.lps.org /chem_notes/UnitIIatoms WS_FTP.LOG
2004.09.26 20:13 B C:\PUTNAM\LHS-CHEM\WebPages\home\chem_notes\UnitIIatoms\cathode_results.htm --> lhs.lps.org /chem_notes cathode_results.htm
2004.09.26 20:13 B C:\PUTNAM\LHS-CHEM\WebPages\home\chem_notes\UnitIIatoms\cathode_results.htm --> lhs.lps.org /chem_notes/UnitIIatoms cathode_results.htm
